# JRE version: OpenJDK Runtime Environment (11.0.8) (build 11.0.8+0-b944-P17168821)
# Java VM: OpenJDK 64-Bit Server VM (11.0.8+0-b944-6842174, mixed mode, tiered, compressed oops, g1 gc, linux-amd64)
Heap:
 garbage-first heap   total 721920K, used 269312K [0x0000000080000000, 0x0000000100000000)
  region size 1024K, 7 young (7168K), 7 survivors (7168K)
 Metaspace       used 139184K, capacity 142697K, committed 143104K, reserved 1173504K
  class space    used 17117K, capacity 18407K, committed 18432K, reserved 1048576K
GC Heap History (20 events):
Event: 1139.370 GC heap after
{Heap after GC invocations=105 (full 0):
 garbage-first heap   total 185344K, used 105674K [0x0000000080000000, 0x0000000100000000)
  region size 1024K, 1 young (1024K), 1 survivors (1024K)
 Metaspace       used 119399K, capacity 122741K, committed 122880K, reserved 1157120K
  class space    used 14894K, capacity 16124K, committed 16128K, reserved 1048576K
}
Event: 1140.499 GC heap before
{Heap before GC invocations=106 (full 0):
 garbage-first heap   total 185344K, used 157898K [0x0000000080000000, 0x0000000100000000)
  region size 1024K, 47 young (48128K), 1 survivors (1024K)
 Metaspace       used 125230K, capacity 128591K, committed 129024K, reserved 1161216K
  class space    used 15557K, capacity 16796K, committed 16896K, reserved 1048576K
}
Event: 1140.510 GC heap after
{Heap after GC invocations=107 (full 0):
 garbage-first heap   total 185344K, used 114430K [0x0000000080000000, 0x0000000100000000)
  region size 1024K, 6 young (6144K), 6 survivors (6144K)
 Metaspace       used 125230K, capacity 128591K, committed 129024K, reserved 1161216K
  class space    used 15557K, capacity 16796K, committed 16896K, reserved 1048576K
}
Event: 1140.536 GC heap before
{Heap before GC invocations=107 (full 0):
 garbage-first heap   total 185344K, used 119550K [0x0000000080000000, 0x0000000100000000)
  region size 1024K, 9 young (9216K), 6 survivors (6144K)
 Metaspace       used 125230K, capacity 128591K, committed 129024K, reserved 1161216K
  class space    used 15557K, capacity 16796K, committed 16896K, reserved 1048576K
}
Event: 1140.549 GC heap after
{Heap after GC invocations=108 (full 0):
 garbage-first heap   total 223232K, used 117392K [0x0000000080000000, 0x0000000100000000)
  region size 1024K, 2 young (2048K), 2 survivors (2048K)
 Metaspace       used 125230K, capacity 128591K, committed 129024K, reserved 1161216K
  class space    used 15557K, capacity 16796K, committed 16896K, reserved 1048576K
}
Event: 1140.846 GC heap before
{Heap before GC invocations=108 (full 0):
 garbage-first heap   total 223232K, used 149136K [0x0000000080000000, 0x0000000100000000)
  region size 1024K, 34 young (34816K), 2 survivors (2048K)
 Metaspace       used 125815K, capacity 129262K, committed 129536K, reserved 1161216K
  class space    used 15606K, capacity 16889K, committed 16896K, reserved 1048576K
}
Event: 1140.864 GC heap after
{Heap after GC invocations=109 (full 0):
 garbage-first heap   total 223232K, used 123765K [0x0000000080000000, 0x0000000100000000)
  region size 1024K, 8 young (8192K), 8 survivors (8192K)
 Metaspace       used 125815K, capacity 129262K, committed 129536K, reserved 1161216K
  class space    used 15606K, capacity 16889K, committed 16896K, reserved 1048576K
}
Event: 1141.592 GC heap before
{Heap before GC invocations=110 (full 0):
 garbage-first heap   total 223232K, used 175989K [0x0000000080000000, 0x0000000100000000)
  region size 1024K, 58 young (59392K), 8 survivors (8192K)
 Metaspace       used 128405K, capacity 131912K, committed 132096K, reserved 1165312K
  class space    used 15840K, capacity 17125K, committed 17152K, reserved 1048576K
}
Event: 1141.621 GC heap after
{Heap after GC invocations=111 (full 0):
 garbage-first heap   total 223232K, used 146645K [0x0000000080000000, 0x0000000100000000)
  region size 1024K, 8 young (8192K), 8 survivors (8192K)
 Metaspace       used 128405K, capacity 131912K, committed 132096K, reserved 1165312K
  class space    used 15840K, capacity 17125K, committed 17152K, reserved 1048576K
}
Event: 1141.701 GC heap before
{Heap before GC invocations=111 (full 0):
 garbage-first heap   total 223232K, used 173269K [0x0000000080000000, 0x0000000100000000)
  region size 1024K, 35 young (35840K), 8 survivors (8192K)
 Metaspace       used 128409K, capacity 131912K, committed 132096K, reserved 1165312K
  class space    used 15840K, capacity 17125K, committed 17152K, reserved 1048576K
}
Event: 1141.743 GC heap after
{Heap after GC invocations=112 (full 0):
 garbage-first heap   total 223232K, used 167424K [0x0000000080000000, 0x0000000100000000)
  region size 1024K, 5 young (5120K), 5 survivors (5120K)
 Metaspace       used 128409K, capacity 131912K, committed 132096K, reserved 1165312K
  class space    used 15840K, capacity 17125K, committed 17152K, reserved 1048576K
}
Event: 1141.897 GC heap before
{Heap before GC invocations=112 (full 0):
 garbage-first heap   total 223232K, used 179712K [0x0000000080000000, 0x0000000100000000)
  region size 1024K, 18 young (18432K), 5 survivors (5120K)
 Metaspace       used 129329K, capacity 132794K, committed 132992K, reserved 1165312K
  class space    used 15949K, capacity 17226K, committed 17280K, reserved 1048576K
}
Event: 1141.921 GC heap after
{Heap after GC invocations=113 (full 0):
 garbage-first heap   total 377856K, used 174592K [0x0000000080000000, 0x0000000100000000)
  region size 1024K, 3 young (3072K), 3 survivors (3072K)
 Metaspace       used 129329K, capacity 132794K, committed 132992K, reserved 1165312K
  class space    used 15949K, capacity 17226K, committed 17280K, reserved 1048576K
}
Event: 1142.485 GC heap before
{Heap before GC invocations=114 (full 0):
 garbage-first heap   total 377856K, used 198144K [0x0000000080000000, 0x0000000100000000)
  region size 1024K, 25 young (25600K), 3 survivors (3072K)
 Metaspace       used 133740K, capacity 137281K, committed 137728K, reserved 1169408K
  class space    used 16500K, capacity 17823K, committed 17920K, reserved 1048576K
}
Event: 1142.525 GC heap after
{Heap after GC invocations=115 (full 0):
 garbage-first heap   total 377856K, used 179433K [0x0000000080000000, 0x0000000100000000)
  region size 1024K, 6 young (6144K), 6 survivors (6144K)
 Metaspace       used 133740K, capacity 137281K, committed 137728K, reserved 1169408K
  class space    used 16500K, capacity 17823K, committed 17920K, reserved 1048576K
}
Event: 1143.649 GC heap before
{Heap before GC invocations=116 (full 0):
 garbage-first heap   total 377856K, used 243945K [0x0000000080000000, 0x0000000100000000)
  region size 1024K, 68 young (69632K), 6 survivors (6144K)
 Metaspace       used 139092K, capacity 142569K, committed 143104K, reserved 1173504K
  class space    used 17116K, capacity 18407K, committed 18432K, reserved 1048576K
}
Event: 1143.689 GC heap after
{Heap after GC invocations=117 (full 0):
 garbage-first heap   total 377856K, used 189240K [0x0000000080000000, 0x0000000100000000)
  region size 1024K, 9 young (9216K), 9 survivors (9216K)
 Metaspace       used 139092K, capacity 142569K, committed 143104K, reserved 1173504K
  class space    used 17116K, capacity 18407K, committed 18432K, reserved 1048576K
}
Event: 1143.975 GC heap before
{Heap before GC invocations=117 (full 0):
 garbage-first heap   total 377856K, used 255800K [0x0000000080000000, 0x0000000100000000)
  region size 1024K, 74 young (75776K), 9 survivors (9216K)
 Metaspace       used 139184K, capacity 142697K, committed 143104K, reserved 1173504K
  class space    used 17117K, capacity 18407K, committed 18432K, reserved 1048576K
}
Event: 1144.060 GC heap after
{Heap after GC invocations=118 (full 0):
 garbage-first heap   total 377856K, used 235031K [0x0000000080000000, 0x0000000100000000)
  region size 1024K, 10 young (10240K), 10 survivors (10240K)
 Metaspace       used 139184K, capacity 142697K, committed 143104K, reserved 1173504K
  class space    used 17117K, capacity 18407K, committed 18432K, reserved 1048576K
}
Event: 1144.209 GC heap before
{Heap before GC invocations=118 (full 0):
 garbage-first heap   total 377856K, used 279063K [0x0000000080000000, 0x0000000100000000)
  region size 1024K, 53 young (54272K), 10 survivors (10240K)
 Metaspace       used 139184K, capacity 142697K, committed 143104K, reserved 1173504K
  class space    used 17117K, capacity 18407K, committed 18432K, reserved 1048576K
}

